c:\users\phili\desktop\school\winter2024\game3015 - engines\game3015_a1_hendersonphilip\game3015_a1_directxflyergame\project\x64\debug\vc143.pdb
c:\users\phili\desktop\school\winter2024\game3015 - engines\game3015_a1_hendersonphilip\game3015_a1_directxflyergame\project\x64\debug\vc143.idb
c:\users\phili\desktop\school\winter2024\game3015 - engines\game3015_a1_hendersonphilip\game3015_a1_directxflyergame\project\x64\debug\frameresource.obj
c:\users\phili\desktop\school\winter2024\game3015 - engines\game3015_a1_hendersonphilip\game3015_a1_directxflyergame\project\x64\debug\mathhelper.obj
c:\users\phili\desktop\school\winter2024\game3015 - engines\game3015_a1_hendersonphilip\game3015_a1_directxflyergame\project\x64\debug\geometrygenerator.obj
c:\users\phili\desktop\school\winter2024\game3015 - engines\game3015_a1_hendersonphilip\game3015_a1_directxflyergame\project\x64\debug\gametimer.obj
c:\users\phili\desktop\school\winter2024\game3015 - engines\game3015_a1_hendersonphilip\game3015_a1_directxflyergame\project\x64\debug\ddstextureloader.obj
c:\users\phili\desktop\school\winter2024\game3015 - engines\game3015_a1_hendersonphilip\game3015_a1_directxflyergame\project\x64\debug\d3dutil.obj
c:\users\phili\desktop\school\winter2024\game3015 - engines\game3015_a1_hendersonphilip\game3015_a1_directxflyergame\project\x64\debug\d3dapp.obj
c:\users\phili\desktop\school\winter2024\game3015 - engines\game3015_a1_hendersonphilip\game3015_a1_directxflyergame\project\x64\debug\camera.obj
c:\users\phili\desktop\school\winter2024\game3015 - engines\game3015_a1_hendersonphilip\game3015_a1_directxflyergame\project\x64\debug\world.obj
c:\users\phili\desktop\school\winter2024\game3015 - engines\game3015_a1_hendersonphilip\game3015_a1_directxflyergame\project\x64\debug\spritenode.obj
c:\users\phili\desktop\school\winter2024\game3015 - engines\game3015_a1_hendersonphilip\game3015_a1_directxflyergame\project\x64\debug\scenenode.obj
c:\users\phili\desktop\school\winter2024\game3015 - engines\game3015_a1_hendersonphilip\game3015_a1_directxflyergame\project\x64\debug\main.obj
c:\users\phili\desktop\school\winter2024\game3015 - engines\game3015_a1_hendersonphilip\game3015_a1_directxflyergame\project\x64\debug\entity.obj
c:\users\phili\desktop\school\winter2024\game3015 - engines\game3015_a1_hendersonphilip\game3015_a1_directxflyergame\project\x64\debug\aircraft.obj
c:\users\phili\desktop\school\winter2024\game3015 - engines\game3015_a1_hendersonphilip\game3015_a1_directxflyergame\project\x64\debug\inputhandler.obj
c:\users\phili\desktop\school\winter2024\game3015 - engines\game3015_a1_hendersonphilip\game3015_a1_directxflyergame\project\x64\debug\game.obj
c:\users\phili\desktop\school\winter2024\game3015 - engines\game3015_a1_hendersonphilip\game3015_a1_directxflyergame\x64\debug\project.exe
c:\users\phili\desktop\school\winter2024\game3015 - engines\game3015_a1_hendersonphilip\game3015_a1_directxflyergame\project\x64\debug\project.ilk
c:\users\phili\desktop\school\winter2024\game3015 - engines\game3015_a1_hendersonphilip\game3015_a1_directxflyergame\x64\debug\project.pdb
c:\users\phili\desktop\school\winter2024\game3015 - engines\game3015_a1_hendersonphilip\game3015_a1_directxflyergame\project\x64\debug\project.tlog\cl.command.1.tlog
c:\users\phili\desktop\school\winter2024\game3015 - engines\game3015_a1_hendersonphilip\game3015_a1_directxflyergame\project\x64\debug\project.tlog\cl.items.tlog
c:\users\phili\desktop\school\winter2024\game3015 - engines\game3015_a1_hendersonphilip\game3015_a1_directxflyergame\project\x64\debug\project.tlog\cl.read.1.tlog
c:\users\phili\desktop\school\winter2024\game3015 - engines\game3015_a1_hendersonphilip\game3015_a1_directxflyergame\project\x64\debug\project.tlog\cl.write.1.tlog
c:\users\phili\desktop\school\winter2024\game3015 - engines\game3015_a1_hendersonphilip\game3015_a1_directxflyergame\project\x64\debug\project.tlog\link.command.1.tlog
c:\users\phili\desktop\school\winter2024\game3015 - engines\game3015_a1_hendersonphilip\game3015_a1_directxflyergame\project\x64\debug\project.tlog\link.read.1.tlog
c:\users\phili\desktop\school\winter2024\game3015 - engines\game3015_a1_hendersonphilip\game3015_a1_directxflyergame\project\x64\debug\project.tlog\link.write.1.tlog
